2025-12-19 07:08:09 | ERROR: AWS CLI is not installed
2025-12-19 07:08:34 | ERROR: AWS CLI is not installed
2025-12-19 07:15:00 | ERROR: AWS CLI is not installed
2025-12-19 07:22:35 | ERROR: Invalid or expired AWS credentials
2025-12-19 07:37:39 | ERROR: Invalid or expired AWS credentials
2025-12-19 07:44:10 | Script executed by: arn:aws:iam::632264961223:root
2025-12-19 07:44:10 | Region=eu-north-1 | Service=ec2
2025-12-19 07:44:10 | AWS resource audit completed successfully
2025-12-19 07:45:07 | Script executed by: arn:aws:iam::632264961223:root
2025-12-19 07:45:07 | Region=eu-north-1 | Service=ec2
2025-12-19 07:45:07 | Region=eu-north-1 | Service=s3
2025-12-19 07:45:07 | AWS resource audit completed successfully
2025-12-19 07:45:37 | Script executed by: arn:aws:iam::632264961223:root
2025-12-19 07:45:37 | Region=eu-north-1 | Service=ec2
2025-12-19 07:45:37 | AWS resource audit completed successfully
2025-12-19 07:46:39 | Script executed by: arn:aws:iam::632264961223:root
2025-12-19 07:46:39 | Region=eu-north-1 | Service=ec2
2025-12-19 07:46:41 | AWS resource audit completed successfully
2025-12-19 07:47:23 | Script executed by: arn:aws:iam::632264961223:root
2025-12-19 07:47:23 | Region=eu-north-1 | Service=ec2
2025-12-19 07:47:25 | Region=eu-north-1 | Service=s3
2025-12-19 07:47:26 | AWS resource audit completed successfully
2025-12-19 07:47:49 | Script executed by: arn:aws:iam::632264961223:root
2025-12-19 07:47:49 | Region=ap-south-1 | Service=ec2
2025-12-19 07:47:49 | Region=eu-north-1 | Service=ec2
2025-12-19 07:47:49 | Region=eu-west-3 | Service=ec2
2025-12-19 07:47:49 | Region=eu-west-2 | Service=ec2
2025-12-19 07:47:49 | Region=eu-west-1 | Service=ec2
2025-12-19 07:47:49 | Region=ap-northeast-3 | Service=ec2
2025-12-19 07:47:49 | Region=ap-northeast-2 | Service=ec2
2025-12-19 07:47:49 | Region=ap-northeast-1 | Service=ec2
2025-12-19 07:47:49 | Region=ca-central-1 | Service=ec2
2025-12-19 07:47:49 | Region=sa-east-1 | Service=ec2
2025-12-19 07:47:49 | Region=ap-southeast-1 | Service=ec2
2025-12-19 07:47:49 | Region=ap-southeast-2 | Service=ec2
2025-12-19 07:47:49 | Region=eu-central-1 | Service=ec2
2025-12-19 07:47:49 | Region=us-east-1 | Service=ec2
2025-12-19 07:47:49 | Region=us-east-2 | Service=ec2
2025-12-19 07:47:49 | Region=us-west-1 | Service=ec2
2025-12-19 07:47:49 | Region=us-west-2 | Service=ec2
2025-12-19 07:47:49 | AWS resource audit completed successfully
2025-12-19 07:54:38 | Script executed by: arn:aws:iam::632264961223:root
2025-12-19 07:54:38 | Region=us-east-1 | Service=ec2
2025-12-19 07:54:41 | Region=us-east-1 | Service=s3
2025-12-19 07:54:42 | Region=us-east-1 | Service=ebs
2025-12-19 07:54:44 | Region=us-east-1 | Service=lambda
2025-12-19 07:54:45 | Region=us-east-1 | Service=rds
2025-12-19 07:54:47 | AWS resource audit completed successfully
2025-12-19 08:22:51 | Script executed by: arn:aws:iam::632264961223:root
2025-12-19 08:22:51 | Region=us-east-1 | Service=ec2
2025-12-19 08:22:54 | Region=us-east-1 | Service=s3
2025-12-19 08:22:56 | Region=us-east-1 | Service=ebs
2025-12-19 08:22:59 | Region=us-east-1 | Service=lambda
2025-12-19 08:23:01 | Region=us-east-1 | Service=rds
2025-12-19 08:23:05 | AWS resource audit completed successfully
2025-12-19 08:25:12 | Script executed by: arn:aws:iam::632264961223:root
2025-12-19 08:25:13 | Region=eu-north-1 | Service=ec2
2025-12-19 08:25:15 | Region=eu-north-1 | Service=s3
2025-12-19 08:25:17 | Region=eu-north-1 | Service=ebs
2025-12-19 08:25:20 | Region=eu-north-1 | Service=lambda
2025-12-19 08:25:22 | Region=eu-north-1 | Service=rds
2025-12-19 08:25:23 | AWS resource audit completed successfully
2025-12-19 08:42:41 | Script executed by: arn:aws:iam::632264961223:root
2025-12-19 08:42:41 | Region=eu-north-1 | Service=ec2
2025-12-19 08:42:43 | Region=eu-north-1 | Service=s3
2025-12-19 08:42:45 | Region=eu-north-1 | Service=ebs
2025-12-19 08:42:48 | Region=eu-north-1 | Service=lambda
2025-12-19 08:42:50 | Region=eu-north-1 | Service=rds
2025-12-19 08:42:53 | AWS resource audit completed successfully
2025-12-19 08:45:14 | Script executed by: arn:aws:iam::632264961223:root
2025-12-19 08:45:14 | Region=eu-north-1 | Service=ec2
2025-12-19 08:45:17 | Region=eu-north-1 | Service=s3
2025-12-19 08:45:19 | Region=eu-north-1 | Service=ebs
2025-12-19 08:45:22 | Region=eu-north-1 | Service=lambda
2025-12-19 08:45:24 | Region=eu-north-1 | Service=rds
2025-12-19 08:45:27 | AWS resource audit completed successfully
